2024-09-26 17:15:26.288589 (26733) main____ INFO    ----------------------------------------
2024-09-26 17:15:26.288746 (26733) main____ INFO    JasperGold version info
2024-09-26 17:15:26.288768 (26733) main____ INFO      tool      : JasperGold 2018.03
2024-09-26 17:15:26.288786 (26733) main____ INFO      version   : 2018.03p001 64 bits
2024-09-26 17:15:26.288800 (26733) main____ INFO      build date: 2018.04.24 18:13:05 PDT
2024-09-26 17:15:26.288810 (26733) main____ INFO    ----------------------------------------
2024-09-26 17:15:26.288819 (26733) main____ INFO    Runtime info:
2024-09-26 17:15:26.288830 (26733) main____ INFO      platform  : Linux 3.10.0-1160.99.1.el7.x86_64 x86_64
2024-09-26 17:15:26.288845 (26733) main____ INFO      hostname  : vlsicad5
2024-09-26 17:15:26.288855 (26733) main____ INFO      pid       : 26733
2024-09-26 17:15:26.288866 (26733) main____ INFO      arguments : '-style' 'windows' '-superlint' '../script/superlint.tcl'
2024-09-26 17:15:26.288875 (26733) main____ INFO    ----------------------------------------
2024-09-26 17:15:26.288884 (26733) main____ INFO    System resource limits info:
2024-09-26 17:15:26.288895 (26733) main____ INFO      virtual memory: unlimited
2024-09-26 17:15:26.288906 (26733) main____ INFO      cpu time      : unlimited
2024-09-26 17:15:26.288928 (26733) main____ INFO      stack size    : 8388608 B
2024-09-26 17:15:26.288946 (26733) main____ INFO      core file size: 0 B
2024-09-26 17:15:26.288964 (26733) main____ INFO      open files    : 1024
2024-09-26 17:15:26.288975 (26733) main____ INFO      file size     : unlimited
2024-09-26 17:15:26.288985 (26733) main____ INFO    ----------------------------------------
2024-09-26 17:15:26.288993 (26733) main____ INFO    Memory statistics:
2024-09-26 17:15:26.289003 (26733) main____ INFO      total physical memory  : 24657748 kB
2024-09-26 17:15:26.289012 (26733) main____ INFO      free physical memory   : 901592 kB
2024-09-26 17:15:26.289020 (26733) main____ INFO      committed address space: 47483208 kB
2024-09-26 17:15:26.289028 (26733) main____ INFO    ----------------------------------------
2024-09-26 17:15:26.289074 (26733) main____ INFO    Important environment variables:
2024-09-26 17:15:26.289093 (26733) main____ INFO      DISPLAY        : 'localhost:12.0'
2024-09-26 17:15:26.289110 (26733) main____ INFO      LM_LICENSE_FILE: '5280@vlsicad8:1717@lstn:1717@lstc:1717@lshc:5280@lstn:5280@lstc:5280@lshc:26585@lstn:26585@lstc:26585@lshc:'
2024-09-26 17:15:26.289121 (26733) main____ INFO    ----------------------------------------
2024-09-26 17:15:26.290979 (26733) lic_core INFO    Initializing license system ...
2024-09-26 17:15:26.293085 (26733) lic_core INFO    ... license system initialized.
2024-09-26 17:15:26.294941 (26733) lic__man INFO    Claim 'main' for <ui>.
2024-09-26 17:15:26.295012 (26733) lic_core INFO    (1) checking out 'jasper_interactive' ...
2024-09-26 17:15:26.389598 (26733) lic_core INFO    ... (1) checkout succeeded
2024-09-26 17:15:26.389727 (26733) lic__man INFO    Claim 'superlint' for <ui>.
2024-09-26 17:15:26.389776 (26733) lic_core INFO    (2) checking out 'jasper_afl' ...
2024-09-26 17:15:26.557661 (26733) lic_core INFO    ... (2) checkout failed (error: -5) ("FLEXnet ERROR(-5, 0, 0): No such feature exists.")
2024-09-26 17:15:26.557725 (26733) lic_core INFO    (3) checking out 'jasper_dao' ...
2024-09-26 17:15:26.656633 (26733) lic_core INFO    ... (3) checkout succeeded
2024-09-26 17:15:28.032995 (26733) lic__man INFO    Claim 'superlint' for <ui>.
2024-09-26 17:15:28.465231 (26733) lic__man INFO    Unclaim 'superlint' for <ui>.
2024-09-26 17:15:28.465303 (26733) lic__man INFO    Claim 'superlint' for <ui>.
2024-09-26 17:15:28.482671 (26733) session_ INFO    Starting analysis session with session id 'session_0' ...
2024-09-26 17:15:28.484779 (26733) session_ INFO    Analysis session with session id 'session_0' started (pid: 26760)
2024-09-26 17:15:32.743519 (26733) session_ INFO    Analysis session 'session_0' connected to the console (host: 192.168.100.5:56380)
2024-09-26 17:15:33.947847 (26733) lic__man INFO    Unclaim everything for 'session_0'.
2024-09-26 17:15:34.844464 (26733) lic__man INFO    Unclaim everything for 'session_0'.
2024-09-26 17:15:34.992514 (26733) lic__man INFO    Claim 'superlint' for 'session_0'.
2024-09-26 17:26:43.169065 (26733) main____ INFO    About to exit: requested from GUI
2024-09-26 17:26:43.449082 (26733) main____ INFO    Exiting with status 0.
